GET - /api/posts - Thu, 06 Jun 2024 09:40:23 GMT - 0.856 ms
GET - /api/posts - Thu, 06 Jun 2024 09:40:30 GMT - 0.588 ms
GET - /api/posts - Thu, 06 Jun 2024 09:40:31 GMT - 0.275 ms
GET - /api/posts - Thu, 06 Jun 2024 09:40:38 GMT - 0.194 ms
POST - /api/signup - Thu, 06 Jun 2024 09:54:02 GMT - 0.275 ms
GET - /api/posts - Thu, 06 Jun 2024 09:54:02 GMT - 0.305 ms
GET - /api/posts - Thu, 06 Jun 2024 09:55:46 GMT - 0.262 ms
POST - /api/signup - Thu, 06 Jun 2024 09:56:13 GMT - 0.192 ms
GET - /api/posts - Thu, 06 Jun 2024 09:56:13 GMT - 0.305 ms
POST - /api/signup - Thu, 06 Jun 2024 09:57:59 GMT - 0.189 ms
GET - /api/posts - Thu, 06 Jun 2024 09:57:59 GMT - 0.327 ms
POST - /api/signup - Thu, 06 Jun 2024 10:00:42 GMT - 0.675 ms
GET - /api/posts - Thu, 06 Jun 2024 10:00:42 GMT - 0.483 ms
GET - /signup - Thu, 06 Jun 2024 10:01:31 GMT - 4.283 ms
GET - /api/posts - Thu, 06 Jun 2024 10:01:32 GMT - 0.302 ms
POST - /api/signup - Thu, 06 Jun 2024 10:02:31 GMT - 0.261 ms
GET - /api/posts - Thu, 06 Jun 2024 10:02:31 GMT - 0.198 ms
POST - /api/login - Thu, 06 Jun 2024 10:04:19 GMT - 0.364 ms
GET - /api/posts - Thu, 06 Jun 2024 10:04:20 GMT - 0.236 ms
GET - /admin/signup - Thu, 06 Jun 2024 10:05:22 GMT - 4232.050 ms
POST - /admin/signup - Thu, 06 Jun 2024 10:05:58 GMT - 135.705 ms
GET - /admin/login - Thu, 06 Jun 2024 10:05:58 GMT - 6.998 ms
GET - /api/posts - Fri, 07 Jun 2024 02:31:23 GMT - 0.781 ms
POST - /api/login - Fri, 07 Jun 2024 02:31:46 GMT - 0.200 ms
GET - /api/posts - Fri, 07 Jun 2024 02:31:46 GMT - 0.201 ms
GET - /admin/login - Fri, 07 Jun 2024 02:32:27 GMT - 4156.822 ms
POST - /admin/login - Fri, 07 Jun 2024 02:32:42 GMT - 62.923 ms
GET - /admin/login - Fri, 07 Jun 2024 02:32:42 GMT - 6.782 ms
POST - /admin/login - Fri, 07 Jun 2024 02:37:55 GMT - 173.582 ms
GET - /admin/login - Fri, 07 Jun 2024 02:37:55 GMT - 6.901 ms
GET - /admin/signup - Fri, 07 Jun 2024 02:38:36 GMT - 6.805 ms
POST - /admin/signup - Fri, 07 Jun 2024 02:39:04 GMT - 116.245 ms
GET - /admin/login - Fri, 07 Jun 2024 02:39:04 GMT - 5.559 ms
POST - /admin/login - Fri, 07 Jun 2024 02:39:15 GMT - 53.852 ms
GET - /admin/login - Fri, 07 Jun 2024 02:39:15 GMT - 6.384 ms
POST - /admin/login - Fri, 07 Jun 2024 02:39:40 GMT - 149.958 ms
GET - /admin/login - Fri, 07 Jun 2024 02:39:40 GMT - 6.216 ms
GET - /admin/signup - Fri, 07 Jun 2024 02:39:51 GMT - 6.966 ms
POST - /admin/signup - Fri, 07 Jun 2024 02:40:08 GMT - 105.159 ms
GET - /admin/login - Fri, 07 Jun 2024 02:40:09 GMT - 4.398 ms
POST - /admin/login - Fri, 07 Jun 2024 02:40:20 GMT - 153.384 ms
GET - /admin/login - Fri, 07 Jun 2024 02:40:20 GMT - 36.877 ms
POST - /admin/login - Fri, 07 Jun 2024 02:40:58 GMT - 149.740 ms
GET - /admin/login - Fri, 07 Jun 2024 02:40:59 GMT - 4.558 ms
POST - /admin/login - Fri, 07 Jun 2024 02:41:38 GMT - 160.398 ms
GET - /admin/login - Fri, 07 Jun 2024 02:41:42 GMT - 3894.935 ms
POST - /admin/login - Fri, 07 Jun 2024 02:42:04 GMT - 152.370 ms
GET - /admin/login - Fri, 07 Jun 2024 02:42:04 GMT - 7.958 ms
POST - /admin/login - Fri, 07 Jun 2024 02:43:12 GMT - 162.210 ms
GET - /admin/login - Fri, 07 Jun 2024 02:43:12 GMT - 5.200 ms
POST - /admin/login - Fri, 07 Jun 2024 02:44:26 GMT - 152.685 ms
GET - /admin/login - Fri, 07 Jun 2024 02:44:26 GMT - 6.498 ms
POST - /admin/login - Fri, 07 Jun 2024 02:45:32 GMT - 170.525 ms
GET - /admin/login - Fri, 07 Jun 2024 02:45:36 GMT - 3952.977 ms
POST - /admin/login - Fri, 07 Jun 2024 02:46:26 GMT - 152.248 ms
GET - /admin/login - Fri, 07 Jun 2024 02:46:27 GMT - 7.891 ms
POST - /admin/login - Fri, 07 Jun 2024 02:49:23 GMT - 171.971 ms
GET - /admin/login - Fri, 07 Jun 2024 02:49:27 GMT - 3926.949 ms
POST - /admin/login - Fri, 07 Jun 2024 02:50:12 GMT - 152.944 ms
GET - /admin/login - Fri, 07 Jun 2024 02:50:12 GMT - 6.503 ms
POST - /admin/login - Fri, 07 Jun 2024 02:51:16 GMT - 161.395 ms
GET - /admin/dashboard - Fri, 07 Jun 2024 02:51:20 GMT - 3934.512 ms
GET - /admin/dashboard - Fri, 07 Jun 2024 02:52:12 GMT - 1.348 ms
GET - /admin/login - Fri, 07 Jun 2024 02:52:16 GMT - 4064.111 ms
POST - /admin/login - Fri, 07 Jun 2024 02:52:35 GMT - 178.332 ms
GET - /admin/dashboard - Fri, 07 Jun 2024 02:52:35 GMT - 20.415 ms
GET - /admin/dashboard - Fri, 07 Jun 2024 02:52:55 GMT - 12.953 ms
GET - /login - Fri, 07 Jun 2024 04:48:55 GMT - 5.248 ms
POST - /api/login - Fri, 07 Jun 2024 04:49:25 GMT - 179.739 ms
GET - /api/posts - Fri, 07 Jun 2024 04:49:25 GMT - 0.629 ms
POST - /api/verify - Fri, 07 Jun 2024 05:00:43 GMT - 0.476 ms
GET - /api/posts - Fri, 07 Jun 2024 05:00:43 GMT - 0.196 ms
GET - /api/posts - Fri, 07 Jun 2024 05:00:45 GMT - 0.203 ms
POST - /api/login - Fri, 07 Jun 2024 05:00:56 GMT - 172.013 ms
GET - /api/posts - Fri, 07 Jun 2024 05:00:57 GMT - 0.205 ms
POST - /api/verify - Fri, 07 Jun 2024 05:00:58 GMT - 0.247 ms
GET - /api/posts - Fri, 07 Jun 2024 05:00:58 GMT - 0.177 ms
GET - /api/posts - Fri, 07 Jun 2024 05:00:59 GMT - 0.189 ms
GET - /api/posts - Fri, 07 Jun 2024 05:01:00 GMT - 0.270 ms
GET - /api/posts - Fri, 07 Jun 2024 05:01:00 GMT - 0.225 ms
GET - /api/posts - Fri, 07 Jun 2024 05:01:00 GMT - 0.210 ms
GET - /api/posts - Fri, 07 Jun 2024 05:01:00 GMT - 0.225 ms
GET - /api/posts - Fri, 07 Jun 2024 05:01:01 GMT - 0.184 ms
GET - /api/posts - Fri, 07 Jun 2024 05:01:01 GMT - 0.199 ms
GET - /api/posts - Fri, 07 Jun 2024 05:01:02 GMT - 0.270 ms
POST - /api/login - Fri, 07 Jun 2024 05:01:29 GMT - 167.298 ms
GET - /api/posts - Fri, 07 Jun 2024 05:01:29 GMT - 0.766 ms
POST - /api/verify - Fri, 07 Jun 2024 05:01:31 GMT - 0.765 ms
GET - /api/posts - Fri, 07 Jun 2024 05:01:31 GMT - 0.138 ms
GET - /api/posts - Fri, 07 Jun 2024 05:01:34 GMT - 0.233 ms
GET - /api/posts - Fri, 07 Jun 2024 05:01:35 GMT - 0.210 ms
GET - /api/posts - Fri, 07 Jun 2024 05:03:01 GMT - 0.366 ms
GET - /api/posts - Fri, 07 Jun 2024 05:03:01 GMT - 0.243 ms
GET - /api/posts - Fri, 07 Jun 2024 05:03:01 GMT - 0.199 ms
GET - /api/posts - Fri, 07 Jun 2024 05:03:01 GMT - 0.258 ms
POST - /api/login - Fri, 07 Jun 2024 05:03:28 GMT - 169.774 ms
GET - /api/posts - Fri, 07 Jun 2024 05:03:28 GMT - 0.230 ms
POST - /api/verify - Fri, 07 Jun 2024 05:03:38 GMT - 0.458 ms
GET - /api/posts - Fri, 07 Jun 2024 05:03:38 GMT - 0.178 ms
GET - /api/posts - Fri, 07 Jun 2024 05:03:40 GMT - 0.219 ms
GET - /api/posts - Fri, 07 Jun 2024 05:04:17 GMT - 0.251 ms
POST - /api/login - Fri, 07 Jun 2024 05:04:30 GMT - 152.558 ms
GET - /api/posts - Fri, 07 Jun 2024 05:04:30 GMT - 0.224 ms
POST - /api/verify - Fri, 07 Jun 2024 05:04:33 GMT - 0.284 ms
GET - /api/posts - Fri, 07 Jun 2024 05:04:33 GMT - 0.131 ms
POST - /api/login - Fri, 07 Jun 2024 05:05:04 GMT - 165.917 ms
GET - /api/posts - Fri, 07 Jun 2024 05:05:04 GMT - 0.421 ms
POST - /api/verify - Fri, 07 Jun 2024 05:05:09 GMT - 2.529 ms
GET - /api/posts - Fri, 07 Jun 2024 05:05:09 GMT - 0.128 ms
GET - /api/posts - Fri, 07 Jun 2024 05:06:27 GMT - 0.746 ms
POST - /api/login - Fri, 07 Jun 2024 05:06:38 GMT - 173.914 ms
GET - /api/posts - Fri, 07 Jun 2024 05:06:38 GMT - 0.427 ms
POST - /api/verify - Fri, 07 Jun 2024 05:06:42 GMT - 3.633 ms
GET - /api/posts - Fri, 07 Jun 2024 05:06:42 GMT - 0.326 ms
POST - /api/login - Fri, 07 Jun 2024 05:10:13 GMT - 55.555 ms
POST - /api/login - Fri, 07 Jun 2024 05:11:12 GMT - 54.420 ms
POST - /api/login - Fri, 07 Jun 2024 05:11:58 GMT - 62.209 ms
POST - /api/login - Fri, 07 Jun 2024 05:12:30 GMT - 57.980 ms
POST - /api/login - Fri, 07 Jun 2024 05:12:46 GMT - 77.297 ms
POST - /api/login - Fri, 07 Jun 2024 05:13:25 GMT - 63.125 ms
POST - /api/login - Fri, 07 Jun 2024 05:14:15 GMT - 61.712 ms
POST - /api/login - Fri, 07 Jun 2024 05:15:09 GMT - 59.040 ms
POST - /api/login - Fri, 07 Jun 2024 05:17:08 GMT - 192.579 ms
POST - /api/login - Fri, 07 Jun 2024 05:19:04 GMT - 170.720 ms
POST - /api/login - Fri, 07 Jun 2024 05:22:19 GMT - 183.813 ms
POST - /api/login - Fri, 07 Jun 2024 05:23:27 GMT - 163.048 ms
POST - /api/login - Fri, 07 Jun 2024 05:24:30 GMT - 180.602 ms
POST - /api/login - Fri, 07 Jun 2024 05:26:13 GMT - 191.461 ms
POST - /api/login - Fri, 07 Jun 2024 05:27:57 GMT - 175.623 ms
POST - /api/login - Fri, 07 Jun 2024 06:16:06 GMT - 189.033 ms
POST - /api/login - Fri, 07 Jun 2024 06:19:04 GMT - 185.797 ms
POST - /api/login - Fri, 07 Jun 2024 06:20:49 GMT - 168.569 ms
POST - /api/login - Fri, 07 Jun 2024 06:23:27 GMT - 175.259 ms
GET - /api/posts - Fri, 07 Jun 2024 06:24:31 GMT - 0.771 ms
POST - /api/login - Fri, 07 Jun 2024 06:24:43 GMT - 179.232 ms
GET - /api/posts - Fri, 07 Jun 2024 06:24:43 GMT - 0.334 ms
POST - /api/verify - Fri, 07 Jun 2024 06:24:45 GMT - 0.739 ms
GET - /api/posts - Fri, 07 Jun 2024 06:24:45 GMT - 0.180 ms
GET - /api/posts - Fri, 07 Jun 2024 06:24:55 GMT - 0.221 ms
GET - /api/posts - Fri, 07 Jun 2024 06:24:55 GMT - 0.313 ms
GET - /api/posts - Fri, 07 Jun 2024 06:24:55 GMT - 0.213 ms
GET - /api/posts - Fri, 07 Jun 2024 06:24:55 GMT - 0.189 ms
POST - /api/verified - Fri, 07 Jun 2024 06:27:53 GMT - 0.455 ms
POST - /api/verify - Fri, 07 Jun 2024 06:28:15 GMT - 0.438 ms
POST - /api/login - Fri, 07 Jun 2024 06:29:17 GMT - 186.919 ms
POST - /api/verify - Fri, 07 Jun 2024 06:30:01 GMT - 1.325 ms
POST - /api/login - Fri, 07 Jun 2024 06:30:55 GMT - 166.879 ms
POST - /api/verify - Fri, 07 Jun 2024 06:31:20 GMT - 0.987 ms
POST - /api/login - Fri, 07 Jun 2024 06:35:51 GMT - 178.637 ms
POST - /api/verify - Fri, 07 Jun 2024 06:36:17 GMT - 1.104 ms
POST - /api/verify - Fri, 07 Jun 2024 06:36:30 GMT - 0.662 ms
POST - /api/login - Fri, 07 Jun 2024 06:37:32 GMT - 165.319 ms
POST - /api/verify - Fri, 07 Jun 2024 06:38:10 GMT - 2.196 ms
POST - /api/login - Fri, 07 Jun 2024 06:39:52 GMT - 181.048 ms
POST - /api/verify - Fri, 07 Jun 2024 06:40:20 GMT - 2.202 ms
POST - /api/login - Fri, 07 Jun 2024 06:41:08 GMT - 173.417 ms
POST - /api/verify - Fri, 07 Jun 2024 06:41:47 GMT - 2.400 ms
POST - /api/login - Fri, 07 Jun 2024 06:42:41 GMT - 182.516 ms
POST - /api/verify - Fri, 07 Jun 2024 06:43:17 GMT - 2.987 ms
POST - /api/login - Fri, 07 Jun 2024 06:44:34 GMT - 166.116 ms
POST - /api/verify - Fri, 07 Jun 2024 06:44:57 GMT - 3.611 ms
POST - /api/verify - Fri, 07 Jun 2024 06:45:40 GMT - 62.359 ms
POST - /api/login - Fri, 07 Jun 2024 06:48:28 GMT - 171.025 ms
GET - /api/posts - Fri, 07 Jun 2024 06:48:28 GMT - 0.423 ms
GET - /api/posts - Fri, 07 Jun 2024 06:48:32 GMT - 0.243 ms
POST - /api/verify - Fri, 07 Jun 2024 06:48:32 GMT - 55.763 ms
GET - /api/posts - Fri, 07 Jun 2024 06:48:35 GMT - 0.168 ms
POST - /api/verify - Fri, 07 Jun 2024 06:48:35 GMT - 56.421 ms
GET - /api/posts - Fri, 07 Jun 2024 06:48:35 GMT - 0.180 ms
POST - /api/verify - Fri, 07 Jun 2024 06:48:35 GMT - 56.623 ms
GET - /api/posts - Fri, 07 Jun 2024 06:48:36 GMT - 0.182 ms
POST - /api/verify - Fri, 07 Jun 2024 06:48:36 GMT - 56.587 ms
GET - /api/posts - Fri, 07 Jun 2024 06:48:36 GMT - 0.195 ms
POST - /api/verify - Fri, 07 Jun 2024 06:48:36 GMT - 57.056 ms
GET - /api/posts - Fri, 07 Jun 2024 06:48:36 GMT - 0.175 ms
POST - /api/verify - Fri, 07 Jun 2024 06:48:36 GMT - 56.225 ms
GET - /api/posts - Fri, 07 Jun 2024 06:48:36 GMT - 0.150 ms
POST - /api/verify - Fri, 07 Jun 2024 06:48:36 GMT - 55.642 ms
GET - /api/posts - Fri, 07 Jun 2024 06:48:36 GMT - 0.175 ms
POST - /api/verify - Fri, 07 Jun 2024 06:48:36 GMT - 55.873 ms
GET - /api/posts - Fri, 07 Jun 2024 06:48:37 GMT - 0.163 ms
POST - /api/verify - Fri, 07 Jun 2024 06:48:37 GMT - 55.837 ms
GET - /api/posts - Fri, 07 Jun 2024 06:48:37 GMT - 0.177 ms
POST - /api/verify - Fri, 07 Jun 2024 06:48:37 GMT - 55.789 ms
GET - /api/posts - Fri, 07 Jun 2024 06:48:37 GMT - 0.147 ms
POST - /api/verify - Fri, 07 Jun 2024 06:48:37 GMT - 56.789 ms
GET - /api/posts - Fri, 07 Jun 2024 06:48:37 GMT - 0.146 ms
POST - /api/verify - Fri, 07 Jun 2024 06:48:37 GMT - 55.514 ms
GET - /api/posts - Fri, 07 Jun 2024 06:48:37 GMT - 0.150 ms
POST - /api/verify - Fri, 07 Jun 2024 06:48:37 GMT - 55.642 ms
GET - /api/posts - Fri, 07 Jun 2024 06:48:37 GMT - 0.222 ms
POST - /api/verify - Fri, 07 Jun 2024 06:48:37 GMT - 59.281 ms
GET - /api/posts - Fri, 07 Jun 2024 06:48:37 GMT - 0.184 ms
POST - /api/verify - Fri, 07 Jun 2024 06:48:38 GMT - 55.780 ms
GET - /api/posts - Fri, 07 Jun 2024 06:48:38 GMT - 0.185 ms
POST - /api/verify - Fri, 07 Jun 2024 06:48:38 GMT - 56.553 ms
GET - /api/posts - Fri, 07 Jun 2024 06:50:13 GMT - 0.521 ms
POST - /api/verify - Fri, 07 Jun 2024 06:50:14 GMT - 62.280 ms
POST - /api/login - Fri, 07 Jun 2024 06:50:31 GMT - 176.148 ms
GET - /api/posts - Fri, 07 Jun 2024 06:50:31 GMT - 0.274 ms
GET - /api/posts - Fri, 07 Jun 2024 06:51:41 GMT - 0.524 ms
POST - /api/verify - Fri, 07 Jun 2024 06:51:41 GMT - 61.846 ms
POST - /api/login - Fri, 07 Jun 2024 06:51:56 GMT - 164.478 ms
GET - /api/posts - Fri, 07 Jun 2024 06:51:56 GMT - 0.273 ms
GET - /api/posts - Fri, 07 Jun 2024 06:51:59 GMT - 0.155 ms
POST - /api/verify - Fri, 07 Jun 2024 06:51:59 GMT - 54.821 ms
GET - /api/posts - Fri, 07 Jun 2024 06:52:00 GMT - 0.173 ms
POST - /api/verify - Fri, 07 Jun 2024 06:52:00 GMT - 55.035 ms
GET - /api/posts - Fri, 07 Jun 2024 06:52:00 GMT - 0.170 ms
POST - /api/verify - Fri, 07 Jun 2024 06:52:00 GMT - 54.884 ms
GET - /api/posts - Fri, 07 Jun 2024 06:52:00 GMT - 0.145 ms
POST - /api/verify - Fri, 07 Jun 2024 06:52:00 GMT - 55.366 ms
GET - /api/posts - Fri, 07 Jun 2024 06:52:00 GMT - 0.231 ms
POST - /api/verify - Fri, 07 Jun 2024 06:52:00 GMT - 54.830 ms
POST - /api/verify - Fri, 07 Jun 2024 10:08:29 GMT - 63.493 ms
GET - /api/posts - Fri, 07 Jun 2024 10:08:29 GMT - 123.110 ms
GET - /signin - Fri, 07 Jun 2024 10:09:32 GMT - 3.309 ms
POST - /api/login - Fri, 07 Jun 2024 10:09:47 GMT - 171.274 ms
GET - /api/posts - Fri, 07 Jun 2024 10:09:47 GMT - 55.871 ms
POST - /api/post - Fri, 07 Jun 2024 10:09:53 GMT - 179.924 ms
GET - /api/posts - Fri, 07 Jun 2024 10:09:53 GMT - 115.763 ms
POST - /api/post - Fri, 07 Jun 2024 10:09:58 GMT - 114.393 ms
GET - /api/posts - Fri, 07 Jun 2024 10:09:58 GMT - 112.058 ms
DELETE - /api/post/6662dc765d1f7eb5687dc25c - Fri, 07 Jun 2024 10:10:01 GMT - 114.363 ms
GET - /api/posts - Fri, 07 Jun 2024 10:10:01 GMT - 110.223 ms
POST - /api/post - Fri, 07 Jun 2024 10:10:07 GMT - 116.816 ms
GET - /api/posts - Fri, 07 Jun 2024 10:10:07 GMT - 110.269 ms
GET - /api/posts - Fri, 07 Jun 2024 10:10:11 GMT - 119.629 ms
GET - /api/posts - Tue, 11 Jun 2024 06:16:35 GMT - 133.182 ms
POST - /api/login - Tue, 11 Jun 2024 06:16:53 GMT - 191.463 ms
GET - /api/posts - Tue, 11 Jun 2024 06:16:53 GMT - 109.465 ms
POST - /api/post - Tue, 11 Jun 2024 06:17:05 GMT - 154.208 ms
GET - /api/posts - Tue, 11 Jun 2024 06:17:06 GMT - 109.560 ms
DELETE - /api/post/6667ebe161e63d25a9c19a3e - Tue, 11 Jun 2024 06:17:11 GMT - 114.864 ms
GET - /api/posts - Tue, 11 Jun 2024 06:17:11 GMT - 108.144 ms
POST - /api/post - Tue, 11 Jun 2024 06:17:26 GMT - 122.972 ms
GET - /api/posts - Tue, 11 Jun 2024 06:17:26 GMT - 109.120 ms
GET - /admin/login - Tue, 11 Jun 2024 06:25:00 GMT - 3823.130 ms
POST - /admin/login - Tue, 11 Jun 2024 06:25:12 GMT - 163.949 ms
GET - /admin/dashboard - Tue, 11 Jun 2024 06:25:12 GMT - 21.248 ms
GET - /admin/dashboard - Tue, 11 Jun 2024 06:29:32 GMT - 12.398 ms
GET - /admin/dashboard - Tue, 11 Jun 2024 06:29:34 GMT - 13.179 ms
GET - /admin/dashboard - Tue, 11 Jun 2024 06:29:35 GMT - 41.477 ms
GET - /admin/dashboard - Tue, 11 Jun 2024 06:29:35 GMT - 10.724 ms
GET - /admin/dashboard - Tue, 11 Jun 2024 06:29:35 GMT - 8.890 ms
GET - /admin/dashboard - Tue, 11 Jun 2024 06:30:05 GMT - 10.578 ms
GET - /admin/dashboard - Tue, 11 Jun 2024 06:30:10 GMT - 9.127 ms
GET - /admin/dashboard - Tue, 11 Jun 2024 06:30:10 GMT - 8.156 ms
GET - /admin/dashboard - Tue, 11 Jun 2024 06:30:11 GMT - 8.154 ms
GET - /admin/dashboard - Tue, 11 Jun 2024 06:30:11 GMT - 7.051 ms
GET - /admin/dashboard - Tue, 11 Jun 2024 06:30:11 GMT - 7.013 ms
GET - /admin/dashboard - Tue, 11 Jun 2024 06:30:11 GMT - 7.804 ms
GET - /admin/dashboard - Tue, 11 Jun 2024 06:33:28 GMT - 1.421 ms
GET - /admin/login - Tue, 11 Jun 2024 06:33:32 GMT - 3741.296 ms
POST - /admin/login - Tue, 11 Jun 2024 06:33:40 GMT - 166.878 ms
GET - /admin/dashboard - Tue, 11 Jun 2024 06:33:41 GMT - 146.144 ms
GET - /admin/dashboard - Tue, 11 Jun 2024 06:39:50 GMT - 1.220 ms
GET - /admin/login - Tue, 11 Jun 2024 06:39:53 GMT - 3667.244 ms
POST - /admin/login - Tue, 11 Jun 2024 06:40:06 GMT - 177.990 ms
GET - /admin/dashboard - Tue, 11 Jun 2024 06:40:06 GMT - 149.786 ms
POST - /admin/moderate - Tue, 11 Jun 2024 06:40:10 GMT - 0.681 ms
GET - /admin/dashboard - Tue, 11 Jun 2024 06:40:10 GMT - 195.063 ms
POST - /admin/moderate - Tue, 11 Jun 2024 06:40:22 GMT - 0.365 ms
GET - /admin/dashboard - Tue, 11 Jun 2024 06:40:22 GMT - 138.094 ms
POST - /admin/moderate - Tue, 11 Jun 2024 06:40:27 GMT - 0.506 ms
GET - /admin/dashboard - Tue, 11 Jun 2024 06:40:27 GMT - 132.393 ms
GET - /admin/dashboard - Tue, 11 Jun 2024 06:40:30 GMT - 124.188 ms
GET - /admin/logout - Tue, 11 Jun 2024 06:40:35 GMT - 0.260 ms
GET - /admin/login - Tue, 11 Jun 2024 06:40:35 GMT - 5.999 ms
POST - /api/verify - Tue, 11 Jun 2024 06:40:44 GMT - 58.445 ms
GET - /api/posts - Tue, 11 Jun 2024 06:40:44 GMT - 169.840 ms
GET - /admin/dashboard - Tue, 11 Jun 2024 06:41:05 GMT - 0.255 ms
GET - /admin/login - Tue, 11 Jun 2024 06:41:05 GMT - 4.402 ms
POST - /admin/login - Tue, 11 Jun 2024 06:41:13 GMT - 157.639 ms
GET - /admin/dashboard - Tue, 11 Jun 2024 06:41:13 GMT - 133.800 ms
POST - /admin/moderate - Tue, 11 Jun 2024 06:42:06 GMT - 0.427 ms
GET - /admin/dashboard - Tue, 11 Jun 2024 06:42:06 GMT - 136.706 ms
GET - /admin/dashboard - Tue, 11 Jun 2024 06:42:37 GMT - 1.177 ms
GET - /admin/login - Tue, 11 Jun 2024 06:42:41 GMT - 3485.882 ms
POST - /admin/login - Tue, 11 Jun 2024 06:42:51 GMT - 178.047 ms
GET - /admin/dashboard - Tue, 11 Jun 2024 06:42:51 GMT - 149.420 ms
POST - /admin/moderate - Tue, 11 Jun 2024 06:42:55 GMT - 2.234 ms
GET - /admin/dashboard - Tue, 11 Jun 2024 06:42:55 GMT - 143.588 ms
GET - /admin/dashboard - Tue, 11 Jun 2024 06:45:33 GMT - 1.214 ms
GET - /admin/login - Tue, 11 Jun 2024 06:45:37 GMT - 3988.920 ms
POST - /admin/login - Tue, 11 Jun 2024 06:45:45 GMT - 180.666 ms
GET - /admin/dashboard - Tue, 11 Jun 2024 06:45:46 GMT - 147.341 ms
POST - /admin/moderate - Tue, 11 Jun 2024 06:45:51 GMT - 3.389 ms
GET - /admin/dashboard - Tue, 11 Jun 2024 06:45:51 GMT - 138.982 ms
POST - /admin/moderate - Tue, 11 Jun 2024 06:45:56 GMT - 0.685 ms
GET - /admin/dashboard - Tue, 11 Jun 2024 06:45:56 GMT - 134.372 ms
GET - /admin/dashboard - Tue, 11 Jun 2024 06:49:27 GMT - 1.214 ms
GET - /admin/login - Tue, 11 Jun 2024 06:49:30 GMT - 3771.265 ms
POST - /admin/login - Tue, 11 Jun 2024 06:49:40 GMT - 164.648 ms
GET - /admin/dashboard - Tue, 11 Jun 2024 06:49:40 GMT - 148.219 ms
POST - /admin/moderate - Tue, 11 Jun 2024 06:49:45 GMT - 2.720 ms
GET - /admin/dashboard - Tue, 11 Jun 2024 06:49:45 GMT - 132.558 ms
GET - /admin/dashboard - Tue, 11 Jun 2024 06:51:36 GMT - 129.553 ms
POST - /admin/moderate - Tue, 11 Jun 2024 06:51:39 GMT - 0.731 ms
GET - /admin/dashboard - Tue, 11 Jun 2024 06:51:39 GMT - 132.347 ms
POST - /admin/moderate - Tue, 11 Jun 2024 06:51:43 GMT - 0.599 ms
GET - /admin/dashboard - Tue, 11 Jun 2024 06:51:43 GMT - 132.498 ms
GET - /admin/dashboard - Tue, 11 Jun 2024 06:52:20 GMT - 1.257 ms
GET - /admin/login - Tue, 11 Jun 2024 06:52:24 GMT - 3518.160 ms
POST - /admin/login - Tue, 11 Jun 2024 06:52:34 GMT - 158.160 ms
GET - /admin/dashboard - Tue, 11 Jun 2024 06:52:34 GMT - 141.849 ms
POST - /admin/moderate - Tue, 11 Jun 2024 06:52:38 GMT - 2.275 ms
GET - /admin/login - Tue, 11 Jun 2024 06:52:38 GMT - 5.325 ms
GET - /admin/dashboard - Tue, 11 Jun 2024 06:52:49 GMT - 122.449 ms
GET - /admin/dashboard - Tue, 11 Jun 2024 06:54:00 GMT - 119.718 ms
GET - /admin/dashboard - Tue, 11 Jun 2024 06:54:21 GMT - 1.220 ms
GET - /admin/login - Tue, 11 Jun 2024 06:54:25 GMT - 3821.008 ms
POST - /admin/login - Tue, 11 Jun 2024 06:54:42 GMT - 171.335 ms
GET - /admin/dashboard - Tue, 11 Jun 2024 06:54:42 GMT - 147.785 ms
POST - /admin/moderate - Tue, 11 Jun 2024 06:54:47 GMT - 2.240 ms
GET - /admin/dashboard - Tue, 11 Jun 2024 06:54:47 GMT - 138.161 ms
POST - /admin/moderate - Tue, 11 Jun 2024 06:54:51 GMT - 0.675 ms
GET - /admin/dashboard - Tue, 11 Jun 2024 06:54:51 GMT - 129.212 ms
GET - /admin/dashboard - Tue, 11 Jun 2024 06:55:47 GMT - 1.398 ms
GET - /admin/login - Tue, 11 Jun 2024 06:55:51 GMT - 3531.272 ms
POST - /admin/login - Tue, 11 Jun 2024 06:55:58 GMT - 166.203 ms
GET - /admin/dashboard - Tue, 11 Jun 2024 06:55:59 GMT - 147.646 ms
POST - /admin/moderate - Tue, 11 Jun 2024 06:56:03 GMT - 3.317 ms
GET - /admin/dashboard - Tue, 11 Jun 2024 06:56:03 GMT - 136.272 ms
GET - /admin/dashboard - Tue, 11 Jun 2024 06:59:27 GMT - 1.150 ms
GET - /admin/login - Tue, 11 Jun 2024 06:59:31 GMT - 3687.973 ms
POST - /admin/login - Tue, 11 Jun 2024 06:59:40 GMT - 179.307 ms
GET - /admin/dashboard - Tue, 11 Jun 2024 06:59:40 GMT - 146.851 ms
GET - /admin/dashboard - Tue, 11 Jun 2024 07:02:34 GMT - 1.435 ms
GET - /admin/login - Tue, 11 Jun 2024 07:02:38 GMT - 3939.661 ms
GET - /admin/dashboard - Tue, 11 Jun 2024 07:02:38 GMT - 0.295 ms
GET - /admin/login - Tue, 11 Jun 2024 07:02:38 GMT - 4.429 ms
POST - /admin/login - Tue, 11 Jun 2024 07:02:46 GMT - 157.162 ms
GET - /admin/dashboard - Tue, 11 Jun 2024 07:02:46 GMT - 149.084 ms
GET - /admin/dashboard - Tue, 11 Jun 2024 07:14:19 GMT - 129.146 ms
GET - /admin/dashboard - Tue, 11 Jun 2024 07:14:45 GMT - 1.416 ms
GET - /admin/login - Tue, 11 Jun 2024 07:14:49 GMT - 3831.857 ms
POST - /admin/login - Tue, 11 Jun 2024 07:15:01 GMT - 157.897 ms
GET - /admin/dashboard - Tue, 11 Jun 2024 07:15:01 GMT - 147.631 ms
GET - /admin/dashboard - Tue, 11 Jun 2024 07:16:16 GMT - 1.145 ms
GET - /admin/login - Tue, 11 Jun 2024 07:16:20 GMT - 3768.192 ms
POST - /admin/login - Tue, 11 Jun 2024 07:16:28 GMT - 166.217 ms
GET - /admin/dashboard - Tue, 11 Jun 2024 07:16:28 GMT - 147.038 ms
POST - /admin/moderate - Tue, 11 Jun 2024 07:16:31 GMT - 2.063 ms
GET - /admin/dashboard - Tue, 11 Jun 2024 07:16:32 GMT - 134.346 ms
GET - /admin/dashboard - Tue, 11 Jun 2024 07:16:37 GMT - 134.236 ms
GET - /admin/dashboard - Tue, 11 Jun 2024 07:16:38 GMT - 129.602 ms
GET - /admin/dashboard - Tue, 11 Jun 2024 07:16:38 GMT - 121.739 ms
POST - /admin/moderate - Tue, 11 Jun 2024 07:16:40 GMT - 1.376 ms
GET - /admin/dashboard - Tue, 11 Jun 2024 07:16:40 GMT - 126.281 ms
POST - /admin/moderate - Tue, 11 Jun 2024 07:16:41 GMT - 1.264 ms
GET - /admin/dashboard - Tue, 11 Jun 2024 07:16:41 GMT - 126.638 ms
POST - /admin/moderate - Tue, 11 Jun 2024 07:16:42 GMT - 1.183 ms
GET - /admin/dashboard - Tue, 11 Jun 2024 07:16:42 GMT - 132.957 ms
POST - /admin/moderate - Tue, 11 Jun 2024 07:16:42 GMT - 0.917 ms
GET - /admin/dashboard - Tue, 11 Jun 2024 07:16:43 GMT - 123.464 ms
POST - /admin/moderate - Tue, 11 Jun 2024 07:20:45 GMT - 0.621 ms
GET - /admin/dashboard - Tue, 11 Jun 2024 07:20:45 GMT - 132.475 ms
POST - /admin/moderate - Tue, 11 Jun 2024 07:20:48 GMT - 1.262 ms
GET - /admin/dashboard - Tue, 11 Jun 2024 07:20:48 GMT - 129.083 ms
POST - /admin/moderate - Tue, 11 Jun 2024 07:20:50 GMT - 1.447 ms
GET - /admin/dashboard - Tue, 11 Jun 2024 07:20:50 GMT - 128.628 ms
POST - /admin/moderate - Tue, 11 Jun 2024 07:20:51 GMT - 0.275 ms
GET - /admin/dashboard - Tue, 11 Jun 2024 07:20:51 GMT - 126.104 ms
POST - /admin/moderate - Tue, 11 Jun 2024 07:20:51 GMT - 0.270 ms
GET - /admin/dashboard - Tue, 11 Jun 2024 07:20:51 GMT - 127.904 ms
POST - /admin/moderate - Tue, 11 Jun 2024 07:20:52 GMT - 1.014 ms
GET - /admin/dashboard - Tue, 11 Jun 2024 07:20:52 GMT - 127.122 ms
GET - /admin/dashboard - Tue, 11 Jun 2024 07:22:21 GMT - 1.236 ms
GET - /admin/login - Tue, 11 Jun 2024 07:22:25 GMT - 3682.324 ms
POST - /admin/login - Tue, 11 Jun 2024 07:22:33 GMT - 162.774 ms
GET - /admin/dashboard - Tue, 11 Jun 2024 07:22:33 GMT - 152.014 ms
POST - /admin/moderate - Tue, 11 Jun 2024 07:22:40 GMT - 1.903 ms
GET - /admin/dashboard - Tue, 11 Jun 2024 07:22:40 GMT - 124.759 ms
GET - /admin/dashboard - Tue, 11 Jun 2024 07:26:51 GMT - 1.244 ms
GET - /admin/login - Tue, 11 Jun 2024 07:26:55 GMT - 3778.291 ms
POST - /admin/login - Tue, 11 Jun 2024 07:27:02 GMT - 156.345 ms
GET - /admin/dashboard - Tue, 11 Jun 2024 07:27:02 GMT - 142.191 ms
POST - /admin/moderate - Tue, 11 Jun 2024 07:27:05 GMT - 60.240 ms
GET - /admin/dashboard - Tue, 11 Jun 2024 07:27:05 GMT - 76.935 ms
POST - /api/verify - Tue, 11 Jun 2024 07:27:19 GMT - 55.786 ms
GET - /api/posts - Tue, 11 Jun 2024 07:27:19 GMT - 158.111 ms
GET - /api/post/6667ebf661e63d25a9c19a47 - Tue, 11 Jun 2024 07:33:36 GMT - 119.093 ms
GET - /api/posts - Tue, 11 Jun 2024 07:33:40 GMT - 111.174 ms
POST - /api/post - Tue, 11 Jun 2024 07:34:05 GMT - 533.252 ms
GET - /api/posts - Tue, 11 Jun 2024 07:34:05 GMT - 109.050 ms
POST - /api/post - Tue, 11 Jun 2024 07:34:25 GMT - 121.964 ms
GET - /api/posts - Tue, 11 Jun 2024 07:34:25 GMT - 108.621 ms
GET - /admin/dashboard - Tue, 11 Jun 2024 07:34:37 GMT - 121.415 ms
GET - /admin/dashboard - Tue, 11 Jun 2024 07:47:12 GMT - 1.348 ms
GET - /admin/login - Tue, 11 Jun 2024 07:47:16 GMT - 3731.027 ms
POST - /admin/login - Tue, 11 Jun 2024 07:47:24 GMT - 171.043 ms
GET - /admin/dashboard - Tue, 11 Jun 2024 07:47:24 GMT - 148.543 ms
POST - /admin/moderate - Tue, 11 Jun 2024 07:47:34 GMT - 0.678 ms
GET - /admin/dashboard - Tue, 11 Jun 2024 07:47:34 GMT - 137.167 ms
GET - /admin/dashboard - Tue, 11 Jun 2024 07:50:41 GMT - 1.306 ms
GET - /admin/login - Tue, 11 Jun 2024 07:50:45 GMT - 3957.961 ms
POST - /admin/login - Tue, 11 Jun 2024 07:50:54 GMT - 161.851 ms
GET - /admin/dashboard - Tue, 11 Jun 2024 07:50:54 GMT - 150.947 ms
POST - /admin/moderate - Tue, 11 Jun 2024 07:50:57 GMT - 62.373 ms
GET - /admin/dashboard - Tue, 11 Jun 2024 07:50:57 GMT - 105.739 ms
GET - /admin/dashboard - Tue, 11 Jun 2024 07:56:30 GMT - 1.260 ms
GET - /admin/login - Tue, 11 Jun 2024 07:56:34 GMT - 3995.163 ms
GET - /admin/dashboard - Tue, 11 Jun 2024 07:56:34 GMT - 0.270 ms
GET - /admin/login - Tue, 11 Jun 2024 07:56:34 GMT - 5.845 ms
POST - /admin/login - Tue, 11 Jun 2024 07:56:46 GMT - 164.750 ms
GET - /admin/dashboard - Tue, 11 Jun 2024 07:56:46 GMT - 78.611 ms
POST - /api/verify - Tue, 11 Jun 2024 07:56:56 GMT - 58.380 ms
GET - /api/posts - Tue, 11 Jun 2024 07:56:56 GMT - 173.975 ms
POST - /api/post - Tue, 11 Jun 2024 07:57:10 GMT - 165.322 ms
GET - /api/posts - Tue, 11 Jun 2024 07:57:10 GMT - 110.612 ms
GET - /admin/dashboard - Tue, 11 Jun 2024 07:57:18 GMT - 133.359 ms
POST - /admin/moderate - Tue, 11 Jun 2024 07:57:21 GMT - 60.105 ms
GET - /admin/dashboard - Tue, 11 Jun 2024 07:57:21 GMT - 68.010 ms
GET - /admin/dashboard - Tue, 11 Jun 2024 09:21:16 GMT - 1.496 ms
GET - /admin/login - Tue, 11 Jun 2024 09:21:18 GMT - 2821.619 ms
POST - /api/verify - Tue, 11 Jun 2024 09:21:27 GMT - 60.918 ms
GET - /api/posts - Tue, 11 Jun 2024 09:21:27 GMT - 170.752 ms
POST - /api/post - Tue, 11 Jun 2024 09:21:54 GMT - 168.261 ms
GET - /api/posts - Tue, 11 Jun 2024 09:21:54 GMT - 110.811 ms
POST - /api/verify - Tue, 11 Jun 2024 09:21:57 GMT - 53.563 ms
GET - /api/posts - Tue, 11 Jun 2024 09:21:57 GMT - 107.185 ms
POST - /api/verify - Tue, 11 Jun 2024 09:25:55 GMT - 56.316 ms
GET - /api/posts - Tue, 11 Jun 2024 09:25:55 GMT - 106.732 ms
GET - /api/posts - Tue, 11 Jun 2024 09:57:27 GMT - 118.325 ms
GET - /api/post/666817322e9658a4ec8e00b5 - Tue, 11 Jun 2024 09:57:45 GMT - 111.730 ms
GET - /api/posts - Tue, 11 Jun 2024 09:57:48 GMT - 0.781 ms
GET - /api/post/6662dc7f5d1f7eb5687dc265 - Tue, 11 Jun 2024 09:57:49 GMT - 107.950 ms
GET - /api/posts - Tue, 11 Jun 2024 09:57:52 GMT - 0.644 ms
GET - /api/post/6662dc715d1f7eb5687dc257 - Tue, 11 Jun 2024 09:57:56 GMT - 108.887 ms
GET - /api/posts - Tue, 11 Jun 2024 09:57:56 GMT - 0.734 ms
GET - /api/post/6667ebf661e63d25a9c19a47 - Tue, 11 Jun 2024 09:57:57 GMT - 107.332 ms
GET - /api/posts - Tue, 11 Jun 2024 09:57:58 GMT - 1.142 ms
GET - /api/post/6662dc7f5d1f7eb5687dc265 - Tue, 11 Jun 2024 10:01:47 GMT - 118.581 ms
GET - /api/posts - Tue, 11 Jun 2024 10:01:49 GMT - 0.779 ms
GET - /api/post/6662dc715d1f7eb5687dc257 - Tue, 11 Jun 2024 10:01:50 GMT - 106.208 ms
GET - /api/posts - Tue, 11 Jun 2024 10:01:51 GMT - 0.674 ms
GET - /api/post/666817322e9658a4ec8e00b5 - Tue, 11 Jun 2024 10:01:52 GMT - 106.584 ms
GET - /api/posts - Tue, 11 Jun 2024 10:01:53 GMT - 1.258 ms
GET - /api/post/6667fded3fadb85571d04bb6 - Tue, 11 Jun 2024 10:01:55 GMT - 121.600 ms
GET - /api/posts - Tue, 11 Jun 2024 10:01:55 GMT - 0.570 ms
GET - /api/post/6662dc715d1f7eb5687dc257 - Tue, 11 Jun 2024 10:05:15 GMT - 1.634 ms
GET - /api/posts - Tue, 11 Jun 2024 10:05:15 GMT - 0.837 ms
POST - /api/login - Tue, 11 Jun 2024 10:05:29 GMT - 183.964 ms
GET - /api/posts - Tue, 11 Jun 2024 10:05:29 GMT - 0.657 ms
DELETE - /api/post/6667ebf661e63d25a9c19a47 - Tue, 11 Jun 2024 10:05:34 GMT - 133.450 ms
GET - /api/posts - Tue, 11 Jun 2024 10:05:34 GMT - 118.937 ms
DELETE - /api/post/6667fded3fadb85571d04bb6 - Tue, 11 Jun 2024 10:05:40 GMT - 116.552 ms
GET - /api/posts - Tue, 11 Jun 2024 10:05:40 GMT - 117.247 ms
GET - /api/post/6662dc7f5d1f7eb5687dc265 - Tue, 11 Jun 2024 10:05:44 GMT - 0.606 ms
GET - /api/posts - Tue, 11 Jun 2024 10:05:45 GMT - 0.781 ms
GET - /admin/login - Thu, 13 Jun 2024 06:17:42 GMT - 2696.338 ms
POST - /admin/login - Thu, 13 Jun 2024 06:17:54 GMT - 168.361 ms
GET - /admin/dashboard - Thu, 13 Jun 2024 06:17:54 GMT - 134.331 ms
GET - /admin/login - Thu, 13 Jun 2024 06:39:44 GMT - 2816.485 ms
